SchoolTeacher/build/outputs/logs/manifest-merger-release-report.txt
-- Merging decision tree log ---
manifest
ADDED from src\main\AndroidManifest.xml:2:1-1699:12
	package
		ADDED from src\main\AndroidManifest.xml:4:5-41
		INJECTED from src\main\AndroidManifest.xml
		INJECTED from src\main\AndroidManifest.xml
	android:versionName
		ADDED from src\main\AndroidManifest.xml:6:5-32
		INJECTED from src\main\AndroidManifest.xml
		INJECTED from src\main\AndroidManifest.xml
	xmlns:tools
		ADDED from src\main\AndroidManifest.xml:3:5-51
	android:versionCode
		ADDED from src\main\AndroidManifest.xml:5:5-35
		INJECTED from src\main\AndroidManifest.xml
		INJECTED from src\main\AndroidManifest.xml
	xmlns:android
		ADDED from src\main\AndroidManifest.xml:2:11-69
uses-permission#android.permission.INTERNET
ADDED from src\main\AndroidManifest.xml:12:5-67
MERGED from [SchoolPassTheacher:RongIMKit:unspecified] AndroidManifest.xml:18:5-67
	android:name
		ADDED from src\main\AndroidManifest.xml:12:22-64
uses-permission#android.permission.READ_PHONE_STATE
ADDED from src\main\AndroidManifest.xml:13:5-75
MERGED from [SchoolPassTheacher:RongIMKit:unspecified] AndroidManifest.xml:9:5-75
	android:name
		ADDED from src\main\AndroidManifest.xml:13:22-72
uses-permission#android.permission.WRITE_INTERNAL_STORAGE
ADDED from src\main\AndroidManifest.xml:14:5-81
	android:name
		ADDED from src\main\AndroidManifest.xml:14:22-78
uses-permission#android.permission.ACCESS_NETWORK_STATE
ADDED from src\main\AndroidManifest.xml:15:5-79
MERGED from [SchoolPassTheacher:RongIMKit:unspecified] AndroidManifest.xml:6:5-79
	android:name
		ADDED from src\main\AndroidManifest.xml:15:22-76
uses-permission#android.permission.CHANGE_WIFI_STATE
ADDED from src\main\AndroidManifest.xml:16:5-76
	android:name
		ADDED from src\main\AndroidManifest.xml:16:22-73
uses-permission#android.permission.ACCESS_WIFI_STATE
ADDED from src\main\AndroidManifest.xml:17:5-76
MERGED from [SchoolPassTheacher:RongIMKit:unspecified] AndroidManifest.xml:19:5-76
	android:name
		ADDED from src\main\AndroidManifest.xml:17:22-73
uses-permission#android.permission.WAKE_LOCK
ADDED from src\main\AndroidManifest.xml:18:5-68
MERGED from [SchoolPassTheacher:RongIMKit:unspecified] AndroidManifest.xml:21:5-68
	android:name
		ADDED from src\main\AndroidManifest.xml:18:22-65
uses-permission#android.permission.RECEIVE_BOOT_COMPLETED
ADDED from src\main\AndroidManifest.xml:19:5-81
MERGED from [SchoolPassTheacher:RongIMKit:unspecified] AndroidManifest.xml:22:5-81
	android:name
		ADDED from src\main\AndroidManifest.xml:19:22-78
uses-permission#android.permission.WRITE_EXTERNAL_STORAGE
ADDED from src\main\AndroidManifest.xml:20:5-81
MERGED from [SchoolPassTheacher:RongIMKit:unspecified] AndroidManifest.xml:17:5-81
	android:name
		ADDED from src\main\AndroidManifest.xml:20:22-78
uses-permission#android.permission.VIBRATE
ADDED from src\main\AndroidManifest.xml:21:5-66
MERGED from [SchoolPassTheacher:RongIMKit:unspecified] AndroidManifest.xml:15:5-66
	android:name
		ADDED from src\main\AndroidManifest.xml:21:22-63
uses-permission#android.permission.GET_TASKS
ADDED from src\main\AndroidManifest.xml:22:5-68
MERGED from [SchoolPassTheacher:RongIMKit:unspecified] AndroidManifest.xml:20:5-68
	android:name
		ADDED from src\main\AndroidManifest.xml:22:22-65
uses-permission#android.permission.BLUETOOTH
ADDED from src\main\AndroidManifest.xml:23:5-68
	android:name
		ADDED from src\main\AndroidManifest.xml:23:22-65
uses-permission#android.permission.BLUETOOTH_ADMIN
ADDED from src\main\AndroidManifest.xml:24:5-74
	android:name
		ADDED from src\main\AndroidManifest.xml:24:22-71
uses-permission#android.permission.ACCESS_FINE_LOCATION
ADDED from src\main\AndroidManifest.xml:25:5-79
MERGED from [SchoolPassTheacher:RongIMKit:unspecified] AndroidManifest.xml:16:5-79
	android:name
		ADDED from src\main\AndroidManifest.xml:25:22-76
uses-permission#android.permission.ACCESS_COARSE_LOCATION
ADDED from src\main\AndroidManifest.xml:26:5-81
MERGED from [SchoolPassTheacher:RongIMKit:unspecified] AndroidManifest.xml:7:5-81
	android:name
		ADDED from src\main\AndroidManifest.xml:26:22-78
uses-permission#android.permission.SYSTEM_ALERT_WINDOW
ADDED from src\main\AndroidManifest.xml:27:5-78
	android:name
		ADDED from src\main\AndroidManifest.xml:27:22-75
uses-permission#android.permission.WRITE_SETTINGS
ADDED from src\main\AndroidManifest.xml:28:5-73
MERGED from [SchoolPassTheacher:RongIMKit:unspecified] AndroidManifest.xml:13:5-73
	android:name
		ADDED from src\main\AndroidManifest.xml:28:22-70
uses-permission#android.permission.DISABLE_KEYGUARD
ADDED from src\main\AndroidManifest.xml:29:5-75
	android:name
		ADDED from src\main\AndroidManifest.xml:29:22-72
uses-permission#android.permission.EXPAND_STATUS_BAR
ADDED from src\main\AndroidManifest.xml:30:5-76
	android:name
		ADDED from src\main\AndroidManifest.xml:30:22-73
uses-permission#android.permission.CAMERA
ADDED from src\main\AndroidManifest.xml:31:5-65
MERGED from [SchoolPassTheacher:RongIMKit:unspecified] AndroidManifest.xml:12:5-65
	android:name
		ADDED from src\main\AndroidManifest.xml:31:22-62
uses-permission#android.permission.RECORD_AUDIO
ADDED from src\main\AndroidManifest.xml:32:5-71
MERGED from [SchoolPassTheacher:RongIMKit:unspecified] AndroidManifest.xml:11:5-71
	android:name
		ADDED from src\main\AndroidManifest.xml:32:22-68
uses-permission#android.permission.MODIFY_AUDIO_SETTINGS
ADDED from src\main\AndroidManifest.xml:33:5-80
MERGED from [SchoolPassTheacher:RongIMKit:unspecified] AndroidManifest.xml:14:5-80
	android:name
		ADDED from src\main\AndroidManifest.xml:33:22-77
uses-permission#android.permission.MOUNT_UNMOUNT_FILESYSTEMS
ADDED from src\main\AndroidManifest.xml:34:5-84
	android:name
		ADDED from src\main\AndroidManifest.xml:34:22-81
uses-permission#android.permission.READ_LOGS
ADDED from src\main\AndroidManifest.xml:35:5-68
	android:name
		ADDED from src\main\AndroidManifest.xml:35:22-65
uses-permission#android.permission.RECEIVE_SMS
ADDED from src\main\AndroidManifest.xml:36:5-70
	android:name
		ADDED from src\main\AndroidManifest.xml:36:22-67
uses-permission#android.permission.READ_SMS
ADDED from src\main\AndroidManifest.xml:37:5-67
	android:name
		ADDED from src\main\AndroidManifest.xml:37:22-64
uses-permission#android.permission.SEND_SMS
ADDED from src\main\AndroidManifest.xml:38:5-67
	android:name
		ADDED from src\main\AndroidManifest.xml:38:22-64
uses-permission#android.permission.CALL_PHONE
ADDED from src\main\AndroidManifest.xml:39:5-69
	android:name
		ADDED from src\main\AndroidManifest.xml:39:22-66
uses-permission#android.permission.MOUNT_FORMAT_FILESYSTEMS
ADDED from src\main\AndroidManifest.xml:40:5-82
	android:name
		ADDED from src\main\AndroidManifest.xml:40:22-80
uses-permission#android.permission.READ_EXTERNAL_STORAGE
ADDED from src\main\AndroidManifest.xml:41:5-80
MERGED from [SchoolPassTheacher:RongIMKit:unspecified] AndroidManifest.xml:5:5-80
	android:name
		ADDED from src\main\AndroidManifest.xml:41:22-77
uses-feature#android.hardware.camera
ADDED from src\main\AndroidManifest.xml:66:5-60
	android:name
		ADDED from src\main\AndroidManifest.xml:66:19-57
uses-permission#android.permission.GET_ACCOUNTS
ADDED from src\main\AndroidManifest.xml:72:5-71
	android:name
		ADDED from src\main\AndroidManifest.xml:72:22-68
uses-permission#android.permission.WRITE_CONTACTS
ADDED from src\main\AndroidManifest.xml:73:5-73
	android:name
		ADDED from src\main\AndroidManifest.xml:73:22-70
uses-permission#android.permission.READ_CONTACTS
ADDED from src\main\AndroidManifest.xml:74:5-72
	android:name
		ADDED from src\main\AndroidManifest.xml:74:22-69
uses-permission#android.permission.WRITE_SMS
ADDED from src\main\AndroidManifest.xml:111:5-68
	android:name
		ADDED from src\main\AndroidManifest.xml:111:22-65
uses-permission#com.android.launcher.permission.INSTALL_SHORTCUT
ADDED from src\main\AndroidManifest.xml:120:5-88
	android:name
		ADDED from src\main\AndroidManifest.xml:120:22-85
uses-permission#com.android.launcher.permission.UNINSTALL_SHORTCUT
ADDED from src\main\AndroidManifest.xml:121:5-90
	android:name
		ADDED from src\main\AndroidManifest.xml:121:22-87
uses-feature#android.hardware.camera.autofocus
ADDED from src\main\AndroidManifest.xml:130:5-70
	android:name
		ADDED from src\main\AndroidManifest.xml:130:19-67
uses-permission#android.permission.FLASHLIGHT
ADDED from src\main\AndroidManifest.xml:133:5-69
	android:name
		ADDED from src\main\AndroidManifest.xml:133:22-66
application
ADDED from src\main\AndroidManifest.xml:138:5-1696:19
MERGED from [SchoolPassTheacher:RongIMKit:unspecified] AndroidManifest.xml:36:5-98:19
MERGED from [com.lovedise:permissiongen:0.0.6] AndroidManifest.xml:11:5-15:19
MERGED from [com.zhy:mpermission-api:1.0.0] AndroidManifest.xml:11:5-14:19
MERGED from [com.android.support:appcompat-v7:23.1.1] AndroidManifest.xml:22:5-20
MERGED from [com.android.support:support-v4:23.1.1] AndroidManifest.xml:22:5-20
	android:label
		ADDED from src\main\AndroidManifest.xml:142:9-41
	android:supportsRtl
		ADDED from [com.lovedise:permissiongen:0.0.6] AndroidManifest.xml:14:9-35
	android:hardwareAccelerated
		ADDED from src\main\AndroidManifest.xml:145:9-43
	android:allowBackup
		ADDED from src\main\AndroidManifest.xml:140:9-36
		REJECTED from [SchoolPassTheacher:RongIMKit:unspecified] AndroidManifest.xml:36:18-44
		REJECTED from [com.lovedise:permissiongen:0.0.6] AndroidManifest.xml:12:9-35
		REJECTED from [com.zhy:mpermission-api:1.0.0] AndroidManifest.xml:12:9-35
	android:icon
		ADDED from src\main\AndroidManifest.xml:141:9-45
	android:largeHeap
		ADDED from src\main\AndroidManifest.xml:143:9-33
	android:taskAffinity
		ADDED from src\main\AndroidManifest.xml:144:9-63
	tools:replace
		ADDED from src\main\AndroidManifest.xml:146:9-57
	android:name
		ADDED from src\main\AndroidManifest.xml:139:9-58
activity#io.dcloud.SDK_WebApp
ADDED from src\main\AndroidManifest.xml:149:9-155:20
	android:screenOrientation
		ADDED from src\main\AndroidManifest.xml:152:13-49
	android:windowSoftInputMode
		ADDED from src\main\AndroidManifest.xml:154:13-70
	android:configChanges
		ADDED from src\main\AndroidManifest.xml:151:13-112
	android:theme
		ADDED from src\main\AndroidManifest.xml:153:13-61
	android:name
		ADDED from src\main\AndroidManifest.xml:150:13-48
activity#io.dcloud.SDK_WebView
ADDED from src\main\AndroidManifest.xml:156:9-163:20
	android:screenOrientation
		ADDED from src\main\AndroidManifest.xml:159:13-49
	android:windowSoftInputMode
		ADDED from src\main\AndroidManifest.xml:162:13-70
	android:configChanges
		ADDED from src\main\AndroidManifest.xml:158:13-57
	android:theme
		ADDED from src\main\AndroidManifest.xml:160:13-50
	android:name
		ADDED from src\main\AndroidManifest.xml:157:13-49
service#io.dcloud.common.adapter.io.MiniServerService
ADDED from src\main\AndroidManifest.xml:198:9-200:39
	android:exported
		ADDED from src\main\AndroidManifest.xml:200:13-36
	android:name
		ADDED from src\main\AndroidManifest.xml:199:13-73
activity#com.yuanding.schoolteacher.A_1_Start_Acy
ADDED from src\main\AndroidManifest.xml:204:9-214:20
	android:screenOrientation
		ADDED from src\main\AndroidManifest.xml:207:13-49
	android:label
		ADDED from src\main\AndroidManifest.xml:206:13-45
	android:theme
		ADDED from src\main\AndroidManifest.xml:208:13-50
	android:name
		ADDED from src\main\AndroidManifest.xml:205:13-68
intent-filter#android.intent.action.MAIN+android.intent.category.LAUNCHER
ADDED from src\main\AndroidManifest.xml:209:13-213:29
action#android.intent.action.MAIN
ADDED from src\main\AndroidManifest.xml:210:17-69
	android:name
		ADDED from src\main\AndroidManifest.xml:210:25-66
category#android.intent.category.LAUNCHER
ADDED from src\main\AndroidManifest.xml:212:17-77
	android:name
		ADDED from src\main\AndroidManifest.xml:212:27-74
service#com.yuanding.schoolteacher.service.BackService
ADDED from src\main\AndroidManifest.xml:215:9-224:19
	android:enabled
		ADDED from src\main\AndroidManifest.xml:217:13-35
	android:exported
		ADDED from src\main\AndroidManifest.xml:218:13-37
	android:persistent
		ADDED from src\main\AndroidManifest.xml:219:13-38
	android:name
		ADDED from src\main\AndroidManifest.xml:216:13-74
intent-filter#hehhe
ADDED from src\main\AndroidManifest.xml:220:13-222:29
	android:priority
		ADDED from src\main\AndroidManifest.xml:220:28-51
action#hehhe
ADDED from src\main\AndroidManifest.xml:221:17-47
	android:name
		ADDED from src\main\AndroidManifest.xml:221:25-45
activity#com.yuanding.schoolteacher.A_2_Intro_Acy
ADDED from src\main\AndroidManifest.xml:227:9-232:20
	android:screenOrientation
		ADDED from src\main\AndroidManifest.xml:230:13-49
	android:configChanges
		ADDED from src\main\AndroidManifest.xml:229:13-63
	android:theme
		ADDED from src\main\AndroidManifest.xml:231:13-50
	android:name
		ADDED from src\main\AndroidManifest.xml:228:13-68
meta-data#UMENG_CHANNEL
ADDED from src\main\AndroidManifest.xml:233:9-235:42
	android:value
		ADDED from src\main\AndroidManifest.xml:235:13-39
	android:name
		ADDED from src\main\AndroidManifest.xml:234:13-41
activity#com.yuanding.schoolteacher.A_Main_Acy
ADDED from src\main\AndroidManifest.xml:238:9-244:20
	android:screenOrientation
		ADDED from src\main\AndroidManifest.xml:242:13-49
	android:launchMode
		ADDED from src\main\AndroidManifest.xml:241:13-44
	android:configChanges
		ADDED from src\main\AndroidManifest.xml:240:13-63
	android:theme
		ADDED from src\main\AndroidManifest.xml:243:13-50
	android:name
		ADDED from src\main\AndroidManifest.xml:239:13-65
activity#com.yuanding.schoolteacher.B_Side_Notice_Main_Sent_Notice
ADDED from src\main\AndroidManifest.xml:246:9-251:20
	android:screenOrientation
		ADDED from src\main\AndroidManifest.xml:249:13-49
	android:configChanges
		ADDED from src\main\AndroidManifest.xml:248:13-63
	android:theme
		ADDED from src\main\AndroidManifest.xml:250:13-50
	android:name
		ADDED from src\main\AndroidManifest.xml:247:13-59
activity#com.yuanding.schoolteacher.B_Side_Notice_Main_Sent_Notice_Files
ADDED from src\main\AndroidManifest.xml:252:9-257:20
	android:screenOrientation
		ADDED from src\main\AndroidManifest.xml:255:13-49
	android:configChanges
		ADDED from src\main\AndroidManifest.xml:254:13-63
	android:theme
		ADDED from src\main\AndroidManifest.xml:256:13-50
	android:name
		ADDED from src\main\AndroidManifest.xml:253:13-65
activity#com.yuanding.schoolteacher.B_Side_Notice_Main_Detail_0
ADDED from src\main\AndroidManifest.xml:260:9-268:20
	android:screenOrientation
		ADDED from src\main\AndroidManifest.xml:264:13-49
	android:launchMode
		ADDED from src\main\AndroidManifest.xml:263:13-44
	android:windowSoftInputMode
		ADDED from src\main\AndroidManifest.xml:266:13-67
	android:configChanges
		ADDED from src\main\AndroidManifest.xml:262:13-63
	android:theme
		ADDED from src\main\AndroidManifest.xml:265:13-78
	android:name
		ADDED from src\main\AndroidManifest.xml:261:13-56
activity#com.yuanding.schoolteacher.B_Side_Notice_Receipt_Main
ADDED from src\main\AndroidManifest.xml:272:9-279:20
	android:screenOrientation
		ADDED from src\main\AndroidManifest.xml:276:13-49
	android:launchMode
		ADDED from src\main\AndroidManifest.xml:275:13-44
	android:windowSoftInputMode
		ADDED from src\main\AndroidManifest.xml:278:13-67
	android:configChanges
		ADDED from src\main\AndroidManifest.xml:274:12-62
	android:theme
		ADDED from src\main\AndroidManifest.xml:277:13-50
	android:name
		ADDED from src\main\AndroidManifest.xml:273:13-81
activity#com.yuanding.schoolteacher.B_Side_Notice_Failure_SmsList
ADDED from src\main\AndroidManifest.xml:299:9-306:20
	android:screenOrientation
		ADDED from src\main\AndroidManifest.xml:303:13-49
	android:launchMode
		ADDED from src\main\AndroidManifest.xml:302:13-44
	android:windowSoftInputMode
		ADDED from src\main\AndroidManifest.xml:304:13-67
	android:configChanges
		ADDED from src\main\AndroidManifest.xml:301:13-63
	android:theme
		ADDED from src\main\AndroidManifest.xml:305:13-78
	android:name
		ADDED from src\main\AndroidManifest.xml:300:13-58
activity#com.yuanding.schoolteacher.B_Side_Notice_Main_Detail_0_ReceiveResult_AppNotice2
ADDED from src\main\AndroidManifest.xml:309:9-316:20
	android:screenOrientation
		ADDED from src\main\AndroidManifest.xml:313:13-49
	android:launchMode
		ADDED from src\main\AndroidManifest.xml:312:13-44
	android:windowSoftInputMode
		ADDED from src\main\AndroidManifest.xml:314:13-67
	android:configChanges
		ADDED from src\main\AndroidManifest.xml:311:13-63
	android:theme
		ADDED from src\main\AndroidManifest.xml:315:13-78
	android:name
		ADDED from src\main\AndroidManifest.xml:310:13-81
activity#com.yuanding.schoolteacher.B_Side_Notice_Main_Detail_0_ReceiveResult_SmsNotice
ADDED from src\main\AndroidManifest.xml:319:9-326:20
	android:screenOrientation
		ADDED from src\main\AndroidManifest.xml:323:13-49
	android:launchMode
		ADDED from src\main\AndroidManifest.xml:322:13-44
	android:windowSoftInputMode
		ADDED from src\main\AndroidManifest.xml:324:13-67
	android:configChanges
		ADDED from src\main\AndroidManifest.xml:321:13-63
	android:theme
		ADDED from src\main\AndroidManifest.xml:325:13-78
	android:name
		ADDED from src\main\AndroidManifest.xml:320:13-80
activity#com.yuanding.schoolteacher.B_Side_Notice_Main_Selcet_Sign
ADDED from src\main\AndroidManifest.xml:329:9-335:20
	android:screenOrientation
		ADDED from src\main\AndroidManifest.xml:333:13-49
	android:launchMode
		ADDED from src\main\AndroidManifest.xml:332:13-44
	android:configChanges
		ADDED from src\main\AndroidManifest.xml:331:13-63
	android:theme
		ADDED from src\main\AndroidManifest.xml:334:13-50
	android:name
		ADDED from src\main\AndroidManifest.xml:330:13-59
activity#com.yuanding.schoolteacher.B_Side_Notice_Main_Sent_SMS
ADDED from src\main\AndroidManifest.xml:337:9-345:20
	android:screenOrientation
		ADDED from src\main\AndroidManifest.xml:341:13-49
	android:launchMode
		ADDED from src\main\AndroidManifest.xml:340:13-44
	android:windowSoftInputMode
		ADDED from src\main\AndroidManifest.xml:343:14-56
	android:configChanges
		ADDED from src\main\AndroidManifest.xml:339:13-63
	android:theme
		ADDED from src\main\AndroidManifest.xml:342:13-50
	android:name
		ADDED from src\main\AndroidManifest.xml:338:13-56
activity#com.yuanding.schoolteacher.A_Main_My_Message_Acy
ADDED from src\main\AndroidManifest.xml:347:9-360:20
	android:screenOrientation
		ADDED from src\main\AndroidManifest.xml:351:13-49
	android:launchMode
		ADDED from src\main\AndroidManifest.xml:350:13-44
	android:configChanges
		ADDED from src\main\AndroidManifest.xml:349:13-63
	android:theme
		ADDED from src\main\AndroidManifest.xml:352:13-50
	android:name
		ADDED from src\main\AndroidManifest.xml:348:13-76
activity#com.yuanding.schoolteacher.A_Main_My_Side_Acy
ADDED from src\main\AndroidManifest.xml:363:9-369:20
	android:screenOrientation
		ADDED from src\main\AndroidManifest.xml:367:13-49
	android:launchMode
		ADDED from src\main\AndroidManifest.xml:366:13-44
	android:configChanges
		ADDED from src\main\AndroidManifest.xml:365:13-63
	android:theme
		ADDED from src\main\AndroidManifest.xml:368:13-50
	android:name
		ADDED from src\main\AndroidManifest.xml:364:13-73
activity#com.yuanding.schoolteacher.A_Main_My_Account_Acy
ADDED from src\main\AndroidManifest.xml:372:9-378:20
	android:screenOrientation
		ADDED from src\main\AndroidManifest.xml:376:13-49
	android:launchMode
		ADDED from src\main\AndroidManifest.xml:375:13-44
	android:configChanges
		ADDED from src\main\AndroidManifest.xml:374:13-63
	android:theme
		ADDED from src\main\AndroidManifest.xml:377:13-50
	android:name
		ADDED from src\main\AndroidManifest.xml:373:13-76
activity#com.yuanding.schoolteacher.A_3_0_Login_Acy_Teacher
ADDED from src\main\AndroidManifest.xml:381:9-388:20
	android:screenOrientation
		ADDED from src\main\AndroidManifest.xml:385:13-49
	android:launchMode
		ADDED from src\main\AndroidManifest.xml:383:13-44
	android:windowSoftInputMode
		ADDED from src\main\AndroidManifest.xml:387:13-55
	android:configChanges
		ADDED from src\main\AndroidManifest.xml:384:13-63
	android:theme
		ADDED from src\main\AndroidManifest.xml:386:13-50
	android:name
		ADDED from src\main\AndroidManifest.xml:382:13-78
activity#com.yuanding.schoolteacher.A_3_1_1_Forget_Main_Acy
ADDED from src\main\AndroidManifest.xml:391:9-398:20
	android:screenOrientation
		ADDED from src\main\AndroidManifest.xml:395:13-49
	android:launchMode
		ADDED from src\main\AndroidManifest.xml:394:13-44
	android:windowSoftInputMode
		ADDED from src\main\AndroidManifest.xml:397:13-52
	android:configChanges
		ADDED from src\main\AndroidManifest.xml:393:13-63
	android:theme
		ADDED from src\main\AndroidManifest.xml:396:13-50
	android:name
		ADDED from src\main\AndroidManifest.xml:392:13-78
activity#com.yuanding.schoolteacher.A_3_1_2_Forget_Friend_Acy
ADDED from src\main\AndroidManifest.xml:401:9-408:20
	android:screenOrientation
		ADDED from src\main\AndroidManifest.xml:405:13-49
	android:launchMode
		ADDED from src\main\AndroidManifest.xml:404:13-44
	android:windowSoftInputMode
		ADDED from src\main\AndroidManifest.xml:407:13-55
	android:configChanges
		ADDED from src\main\AndroidManifest.xml:403:13-63
	android:theme
		ADDED from src\main\AndroidManifest.xml:406:13-50
	android:name
		ADDED from src\main\AndroidManifest.xml:402:13-80
activity#com.yuanding.schoolteacher.A_3_1_3_Forget_SetPassWord_Acy
ADDED from src\main\AndroidManifest.xml:411:9-418:20
	android:screenOrientation
		ADDED from src\main\AndroidManifest.xml:415:13-49
	android:launchMode
		ADDED from src\main\AndroidManifest.xml:414:13-44
	android:windowSoftInputMode
		ADDED from src\main\AndroidManifest.xml:417:13-52
	android:configChanges
		ADDED from src\main\AndroidManifest.xml:413:13-63
	android:theme
		ADDED from src\main\AndroidManifest.xml:416:13-50
	android:name
		ADDED from src\main\AndroidManifest.xml:412:13-85
activity#com.yuanding.schoolteacher.A_3_2_Register_Main_0_Acy
ADDED from src\main\AndroidManifest.xml:421:9-428:20
	android:screenOrientation
		ADDED from src\main\AndroidManifest.xml:423:13-49
	android:launchMode
		ADDED from src\main\AndroidManifest.xml:425:13-44
	android:windowSoftInputMode
		ADDED from src\main\AndroidManifest.xml:427:13-55
	android:configChanges
		ADDED from src\main\AndroidManifest.xml:426:13-63
	android:theme
		ADDED from src\main\AndroidManifest.xml:424:13-50
	android:name
		ADDED from src\main\AndroidManifest.xml:422:13-54
activity#com.yuanding.schoolteacher.A_3_2_Register_Main_1_Acy
ADDED from src\main\AndroidManifest.xml:431:9-438:20
	android:screenOrientation
		ADDED from src\main\AndroidManifest.xml:433:13-49
	android:launchMode
		ADDED from src\main\AndroidManifest.xml:435:13-44
	android:windowSoftInputMode
		ADDED from src\main\AndroidManifest.xml:437:13-52
	android:configChanges
		ADDED from src\main\AndroidManifest.xml:436:13-63
	android:theme
		ADDED from src\main\AndroidManifest.xml:434:13-50
	android:name
		ADDED from src\main\AndroidManifest.xml:432:13-54
activity#com.yuanding.schoolteacher.A_3_2_Register_Main_2_Acy
ADDED from src\main\AndroidManifest.xml:441:9-448:20
	android:screenOrientation
		ADDED from src\main\AndroidManifest.xml:443:13-49
	android:launchMode
		ADDED from src\main\AndroidManifest.xml:445:13-44
	android:windowSoftInputMode
		ADDED from src\main\AndroidManifest.xml:447:13-55
	android:configChanges
		ADDED from src\main\AndroidManifest.xml:446:13-63
	android:theme
		ADDED from src\main\AndroidManifest.xml:444:13-50
	android:name
		ADDED from src\main\AndroidManifest.xml:442:13-54
activity#com.yuanding.schoolteacher.B_Account_Invite_Main
ADDED from src\main\AndroidManifest.xml:451:9-456:20
	android:screenOrientation
		ADDED from src\main\AndroidManifest.xml:453:13-49
	android:configChanges
		ADDED from src\main\AndroidManifest.xml:455:13-63
	android:theme
		ADDED from src\main\AndroidManifest.xml:454:13-78
	android:name
		ADDED from src\main\AndroidManifest.xml:452:13-76
activity#com.yuanding.schoolteacher.B_Account_Invite_InviteRecord
ADDED from src\main\AndroidManifest.xml:459:9-464:20
	android:screenOrientation
		ADDED from src\main\AndroidManifest.xml:461:13-49
	android:configChanges
		ADDED from src\main\AndroidManifest.xml:463:13-63
	android:theme
		ADDED from src\main\AndroidManifest.xml:462:13-78
	android:name
		ADDED from src\main\AndroidManifest.xml:460:13-84
activity#com.yuanding.schoolteacher.B_Account_SystemNotice_Main
ADDED from src\main\AndroidManifest.xml:467:9-474:20
	android:screenOrientation
		ADDED from src\main\AndroidManifest.xml:471:13-49
	android:launchMode
		ADDED from src\main\AndroidManifest.xml:470:13-44
	android:windowSoftInputMode
		ADDED from src\main\AndroidManifest.xml:473:13-67
	android:configChanges
		ADDED from src\main\AndroidManifest.xml:469:12-62
	android:theme
		ADDED from src\main\AndroidManifest.xml:472:13-50
	android:name
		ADDED from src\main\AndroidManifest.xml:468:13-82
activity#com.yuanding.schoolteacher.B_Account_Certivication_Temp_Acy
ADDED from src\main\AndroidManifest.xml:493:9-498:20
	android:screenOrientation
		ADDED from src\main\AndroidManifest.xml:496:13-49
	android:configChanges
		ADDED from src\main\AndroidManifest.xml:495:13-63
	android:theme
		ADDED from src\main\AndroidManifest.xml:497:13-78
	android:name
		ADDED from src\main\AndroidManifest.xml:494:13-87
activity#com.yuanding.schoolteacher.A_3_3_Complete_marer_Acy
ADDED from src\main\AndroidManifest.xml:501:9-507:20
	android:screenOrientation
		ADDED from src\main\AndroidManifest.xml:505:13-49
	android:launchMode
		ADDED from src\main\AndroidManifest.xml:504:13-44
	android:configChanges
		ADDED from src\main\AndroidManifest.xml:503:13-63
	android:theme
		ADDED from src\main\AndroidManifest.xml:506:13-78
	android:name
		ADDED from src\main\AndroidManifest.xml:502:13-79
activity#com.yuanding.schoolteacher.A_3_3_Complete_Marer_Modify_Acy
ADDED from src\main\AndroidManifest.xml:510:9-515:20
	android:screenOrientation
		ADDED from src\main\AndroidManifest.xml:513:13-49
	android:configChanges
		ADDED from src\main\AndroidManifest.xml:512:13-63
	android:theme
		ADDED from src\main\AndroidManifest.xml:514:13-50
	android:name
		ADDED from src\main\AndroidManifest.xml:511:13-86
activity#com.yuanding.schoolteacher.A_3_3_Complete_Marer_Nodify_Acy
ADDED from src\main\AndroidManifest.xml:518:9-523:20
	android:screenOrientation
		ADDED from src\main\AndroidManifest.xml:521:13-49
	android:configChanges
		ADDED from src\main\AndroidManifest.xml:520:13-63
	android:theme
		ADDED from src\main\AndroidManifest.xml:522:13-50
	android:name
		ADDED from src\main\AndroidManifest.xml:519:13-86
activity#com.yuanding.schoolteacher.A_3_3_Complete_Selcet_Class
ADDED from src\main\AndroidManifest.xml:526:9-531:20
	android:screenOrientation
		ADDED from src\main\AndroidManifest.xml:529:13-49
	android:configChanges
		ADDED from src\main\AndroidManifest.xml:528:13-63
	android:theme
		ADDED from src\main\AndroidManifest.xml:530:13-50
	android:name
		ADDED from src\main\AndroidManifest.xml:527:13-82
activity#com.yuanding.schoolteacher.A_3_3_Complete_Selcet_School
ADDED from src\main\AndroidManifest.xml:534:9-539:20
	android:screenOrientation
		ADDED from src\main\AndroidManifest.xml:537:13-49
	android:configChanges
		ADDED from src\main\AndroidManifest.xml:536:13-57
	android:theme
		ADDED from src\main\AndroidManifest.xml:538:13-50
	android:name
		ADDED from src\main\AndroidManifest.xml:535:13-83
activity#com.yuanding.schoolteacher.A_3_4_Forget_pwd_Succ_Acy
ADDED from src\main\AndroidManifest.xml:542:9-548:20
	android:screenOrientation
		ADDED from src\main\AndroidManifest.xml:546:13-49
	android:launchMode
		ADDED from src\main\AndroidManifest.xml:545:13-44
	android:configChanges
		ADDED from src\main\AndroidManifest.xml:544:13-63
	android:theme
		ADDED from src\main\AndroidManifest.xml:547:13-50
	android:name
		ADDED from src\main\AndroidManifest.xml:543:13-80
activity#com.yuanding.schoolteacher.A_3_5_Change_No_Acy
ADDED from src\main\AndroidManifest.xml:551:9-556:20
	android:screenOrientation
		ADDED from src\main\AndroidManifest.xml:554:13-49
	android:configChanges
		ADDED from src\main\AndroidManifest.xml:553:13-63
	android:theme
		ADDED from src\main\AndroidManifest.xml:555:13-78
	android:name
		ADDED from src\main\AndroidManifest.xml:552:13-74
activity#com.yuanding.schoolteacher.A_3_6_Change_No_Success_Acy
ADDED from src\main\AndroidManifest.xml:559:9-564:20
	android:screenOrientation
		ADDED from src\main\AndroidManifest.xml:562:13-49
	android:configChanges
		ADDED from src\main\AndroidManifest.xml:561:13-63
	android:theme
		ADDED from src\main\AndroidManifest.xml:563:13-50
	android:name
		ADDED from src\main\AndroidManifest.xml:560:13-82
activity#com.yuanding.schoolteacher.B_Account_Modify_Pwd_Acy
ADDED from src\main\AndroidManifest.xml:567:9-572:20
	android:screenOrientation
		ADDED from src\main\AndroidManifest.xml:570:13-49
	android:configChanges
		ADDED from src\main\AndroidManifest.xml:569:13-63
	android:theme
		ADDED from src\main\AndroidManifest.xml:571:13-78
	android:name
		ADDED from src\main\AndroidManifest.xml:568:13-79
activity#com.yuanding.schoolteacher.A_Main_My_Contact_Acy
ADDED from src\main\AndroidManifest.xml:575:9-583:20
	android:screenOrientation
		ADDED from src\main\AndroidManifest.xml:578:13-49
	android:windowSoftInputMode
		ADDED from src\main\AndroidManifest.xml:580:12-66
	android:configChanges
		ADDED from src\main\AndroidManifest.xml:577:13-63
	android:theme
		ADDED from src\main\AndroidManifest.xml:579:13-50
	android:name
		ADDED from src\main\AndroidManifest.xml:576:13-76
activity#com.yuanding.schoolteacher.B_Contact_Main_Colleague_List
ADDED from src\main\AndroidManifest.xml:594:9-601:20
	android:screenOrientation
		ADDED from src\main\AndroidManifest.xml:597:13-49
	android:windowSoftInputMode
		ADDED from src\main\AndroidManifest.xml:599:13-64
	android:configChanges
		ADDED from src\main\AndroidManifest.xml:596:13-63
	android:theme
		ADDED from src\main\AndroidManifest.xml:598:13-50
	android:name
		ADDED from src\main\AndroidManifest.xml:595:13-58